a
and
as
at
by
century
cheap
croatian
danish
defining
derives
describes
development
diminutive
dutch
encouraged
english
era
european
experiences
extended
fiction
fictional
for
french
from
genre
german
human
in
innovations
intimate
introduction
is
italian
itself
languages
latin
literary
long
makes
meaning
modern
most
narrative
narratives
neuter
new
news
norwegian
note
noun
novel
novella
novellus
novus
of
or
paper
plural
portuguese
present
printing
prose
roman
romance
romanian
romanzo
russian
serbo
short
singular
slovene
something
spanish
story
style
swedish
th
the
this
time
use
usually
was
which
word
work
